[22-Apr-2017 20:18:10 UTC] PHP Warning:  require_once(../connection/connection.php): failed to open stream: No such file or directory in /home/ubuntu/workspace/admin/parsers/child_category.php on line 2
[22-Apr-2017 20:18:10 UTC] PHP Stack trace:
[22-Apr-2017 20:18:10 UTC] PHP   1. {main}() /home/ubuntu/workspace/admin/parsers/child_category.php:0
[22-Apr-2017 20:18:10 UTC] PHP Fatal error:  require_once(): Failed opening required '../connection/connection.php' (include_path='.:/usr/share/php:/usr/share/pear') in /home/ubuntu/workspace/admin/parsers/child_category.php on line 2
[22-Apr-2017 20:18:10 UTC] PHP Stack trace:
[22-Apr-2017 20:18:10 UTC] PHP   1. {main}() /home/ubuntu/workspace/admin/parsers/child_category.php:0
[22-Apr-2017 20:19:45 UTC] PHP Warning:  require_once(../connection/connection.php): failed to open stream: No such file or directory in /home/ubuntu/workspace/admin/parsers/child_category.php on line 2
[22-Apr-2017 20:19:45 UTC] PHP Stack trace:
[22-Apr-2017 20:19:45 UTC] PHP   1. {main}() /home/ubuntu/workspace/admin/parsers/child_category.php:0
[22-Apr-2017 20:19:45 UTC] PHP Fatal error:  require_once(): Failed opening required '../connection/connection.php' (include_path='.:/usr/share/php:/usr/share/pear') in /home/ubuntu/workspace/admin/parsers/child_category.php on line 2
[22-Apr-2017 20:19:45 UTC] PHP Stack trace:
[22-Apr-2017 20:19:45 UTC] PHP   1. {main}() /home/ubuntu/workspace/admin/parsers/child_category.php:0
[22-Apr-2017 20:21:54 UTC] PHP Warning:  require_once(/teamproject3/connection/connection.php): failed to open stream: No such file or directory in /home/ubuntu/workspace/admin/parsers/child_category.php on line 2
[22-Apr-2017 20:21:54 UTC] PHP Stack trace:
[22-Apr-2017 20:21:54 UTC] PHP   1. {main}() /home/ubuntu/workspace/admin/parsers/child_category.php:0
[22-Apr-2017 20:21:54 UTC] PHP Fatal error:  require_once(): Failed opening required '/teamproject3/connection/connection.php' (include_path='.:/usr/share/php:/usr/share/pear') in /home/ubuntu/workspace/admin/parsers/child_category.php on line 2
[22-Apr-2017 20:21:54 UTC] PHP Stack trace:
[22-Apr-2017 20:21:54 UTC] PHP   1. {main}() /home/ubuntu/workspace/admin/parsers/child_category.php:0
[22-Apr-2017 20:22:27 UTC] PHP Warning:  require_once(teamproject3/connection/connection.php): failed to open stream: No such file or directory in /home/ubuntu/workspace/admin/parsers/child_category.php on line 2
[22-Apr-2017 20:22:27 UTC] PHP Stack trace:
[22-Apr-2017 20:22:27 UTC] PHP   1. {main}() /home/ubuntu/workspace/admin/parsers/child_category.php:0
[22-Apr-2017 20:22:27 UTC] PHP Fatal error:  require_once(): Failed opening required 'teamproject3/connection/connection.php' (include_path='.:/usr/share/php:/usr/share/pear') in /home/ubuntu/workspace/admin/parsers/child_category.php on line 2
[22-Apr-2017 20:22:27 UTC] PHP Stack trace:
[22-Apr-2017 20:22:27 UTC] PHP   1. {main}() /home/ubuntu/workspace/admin/parsers/child_category.php:0
[22-Apr-2017 20:25:25 UTC] PHP Warning:  require_once(/connection/connection.php): failed to open stream: No such file or directory in /home/ubuntu/workspace/admin/parsers/child_category.php on line 2
[22-Apr-2017 20:25:25 UTC] PHP Stack trace:
[22-Apr-2017 20:25:25 UTC] PHP   1. {main}() /home/ubuntu/workspace/admin/parsers/child_category.php:0
[22-Apr-2017 20:25:25 UTC] PHP Fatal error:  require_once(): Failed opening required '/connection/connection.php' (include_path='.:/usr/share/php:/usr/share/pear') in /home/ubuntu/workspace/admin/parsers/child_category.php on line 2
[22-Apr-2017 20:25:25 UTC] PHP Stack trace:
[22-Apr-2017 20:25:25 UTC] PHP   1. {main}() /home/ubuntu/workspace/admin/parsers/child_category.php:0
[22-Apr-2017 20:26:12 UTC] PHP Warning:  require_once(../connection/connection.php): failed to open stream: No such file or directory in /home/ubuntu/workspace/admin/parsers/child_category.php on line 2
[22-Apr-2017 20:26:12 UTC] PHP Stack trace:
[22-Apr-2017 20:26:12 UTC] PHP   1. {main}() /home/ubuntu/workspace/admin/parsers/child_category.php:0
[22-Apr-2017 20:26:12 UTC] PHP Fatal error:  require_once(): Failed opening required '../connection/connection.php' (include_path='.:/usr/share/php:/usr/share/pear') in /home/ubuntu/workspace/admin/parsers/child_category.php on line 2
[22-Apr-2017 20:26:12 UTC] PHP Stack trace:
[22-Apr-2017 20:26:12 UTC] PHP   1. {main}() /home/ubuntu/workspace/admin/parsers/child_category.php:0
[22-Apr-2017 20:26:40 UTC] PHP Warning:  include(../connection/connection.php): failed to open stream: No such file or directory in /home/ubuntu/workspace/admin/parsers/child_category.php on line 2
[22-Apr-2017 20:26:40 UTC] PHP Stack trace:
[22-Apr-2017 20:26:40 UTC] PHP   1. {main}() /home/ubuntu/workspace/admin/parsers/child_category.php:0
[22-Apr-2017 20:26:40 UTC] PHP Warning:  include(): Failed opening '../connection/connection.php' for inclusion (include_path='.:/usr/share/php:/usr/share/pear') in /home/ubuntu/workspace/admin/parsers/child_category.php on line 2
[22-Apr-2017 20:26:40 UTC] PHP Stack trace:
[22-Apr-2017 20:26:40 UTC] PHP   1. {main}() /home/ubuntu/workspace/admin/parsers/child_category.php:0
[22-Apr-2017 20:26:40 UTC] PHP Fatal error:  Call to a member function query() on a non-object in /home/ubuntu/workspace/admin/parsers/child_category.php on line 4
[22-Apr-2017 20:26:40 UTC] PHP Stack trace:
[22-Apr-2017 20:26:40 UTC] PHP   1. {main}() /home/ubuntu/workspace/admin/parsers/child_category.php:0
[22-Apr-2017 20:28:20 UTC] PHP Warning:  require_once(/home/ubuntu/workspace/teamproject3/connection/connection.php): failed to open stream: No such file or directory in /home/ubuntu/workspace/admin/parsers/child_category.php on line 2
[22-Apr-2017 20:28:20 UTC] PHP Stack trace:
[22-Apr-2017 20:28:20 UTC] PHP   1. {main}() /home/ubuntu/workspace/admin/parsers/child_category.php:0
[22-Apr-2017 20:28:20 UTC] PHP Fatal error:  require_once(): Failed opening required '/home/ubuntu/workspace/teamproject3/connection/connection.php' (include_path='.:/usr/share/php:/usr/share/pear') in /home/ubuntu/workspace/admin/parsers/child_category.php on line 2
[22-Apr-2017 20:28:20 UTC] PHP Stack trace:
[22-Apr-2017 20:28:20 UTC] PHP   1. {main}() /home/ubuntu/workspace/admin/parsers/child_category.php:0
[22-Apr-2017 20:28:31 UTC] PHP Warning:  require_once(/home/ubuntu/workspace/teamproject3/connection/connection.php): failed to open stream: No such file or directory in /home/ubuntu/workspace/admin/parsers/child_category.php on line 2
[22-Apr-2017 20:28:31 UTC] PHP Stack trace:
[22-Apr-2017 20:28:31 UTC] PHP   1. {main}() /home/ubuntu/workspace/admin/parsers/child_category.php:0
[22-Apr-2017 20:28:31 UTC] PHP Fatal error:  require_once(): Failed opening required '/home/ubuntu/workspace/teamproject3/connection/connection.php' (include_path='.:/usr/share/php:/usr/share/pear') in /home/ubuntu/workspace/admin/parsers/child_category.php on line 2
[22-Apr-2017 20:28:31 UTC] PHP Stack trace:
[22-Apr-2017 20:28:31 UTC] PHP   1. {main}() /home/ubuntu/workspace/admin/parsers/child_category.php:0
[22-Apr-2017 20:29:16 UTC] PHP Warning:  require_once(../connection/init.php): failed to open stream: No such file or directory in /home/ubuntu/workspace/admin/parsers/child_category.php on line 2
[22-Apr-2017 20:29:16 UTC] PHP Stack trace:
[22-Apr-2017 20:29:16 UTC] PHP   1. {main}() /home/ubuntu/workspace/admin/parsers/child_category.php:0
[22-Apr-2017 20:29:16 UTC] PHP Fatal error:  require_once(): Failed opening required '../connection/init.php' (include_path='.:/usr/share/php:/usr/share/pear') in /home/ubuntu/workspace/admin/parsers/child_category.php on line 2
[22-Apr-2017 20:29:16 UTC] PHP Stack trace:
[22-Apr-2017 20:29:16 UTC] PHP   1. {main}() /home/ubuntu/workspace/admin/parsers/child_category.php:0
[22-Apr-2017 20:30:24 UTC] PHP Warning:  require_once(/connection/connection.php): failed to open stream: No such file or directory in /home/ubuntu/workspace/admin/parsers/child_category.php on line 2
[22-Apr-2017 20:30:24 UTC] PHP Stack trace:
[22-Apr-2017 20:30:24 UTC] PHP   1. {main}() /home/ubuntu/workspace/admin/parsers/child_category.php:0
[22-Apr-2017 20:30:24 UTC] PHP Fatal error:  require_once(): Failed opening required '/connection/connection.php' (include_path='.:/usr/share/php:/usr/share/pear') in /home/ubuntu/workspace/admin/parsers/child_category.php on line 2
[22-Apr-2017 20:30:24 UTC] PHP Stack trace:
[22-Apr-2017 20:30:24 UTC] PHP   1. {main}() /home/ubuntu/workspace/admin/parsers/child_category.php:0
[22-Apr-2017 20:33:21 UTC] PHP Warning:  require_once(../connection/connection.php): failed to open stream: No such file or directory in /home/ubuntu/workspace/admin/parsers/child_category.php on line 2
[22-Apr-2017 20:33:21 UTC] PHP Stack trace:
[22-Apr-2017 20:33:21 UTC] PHP   1. {main}() /home/ubuntu/workspace/admin/parsers/child_category.php:0
[22-Apr-2017 20:33:21 UTC] PHP Fatal error:  require_once(): Failed opening required '../connection/connection.php' (include_path='.:/usr/share/php:/usr/share/pear') in /home/ubuntu/workspace/admin/parsers/child_category.php on line 2
[22-Apr-2017 20:33:21 UTC] PHP Stack trace:
[22-Apr-2017 20:33:21 UTC] PHP   1. {main}() /home/ubuntu/workspace/admin/parsers/child_category.php:0
[22-Apr-2017 20:37:32 UTC] PHP Warning:  require_once(../connection/connection.php): failed to open stream: No such file or directory in /home/ubuntu/workspace/admin/parsers/child_category.php on line 2
[22-Apr-2017 20:37:32 UTC] PHP Stack trace:
[22-Apr-2017 20:37:32 UTC] PHP   1. {main}() /home/ubuntu/workspace/admin/parsers/child_category.php:0
[22-Apr-2017 20:37:32 UTC] PHP Fatal error:  require_once(): Failed opening required '../connection/connection.php' (include_path='.:/usr/share/php:/usr/share/pear') in /home/ubuntu/workspace/admin/parsers/child_category.php on line 2
[22-Apr-2017 20:37:32 UTC] PHP Stack trace:
[22-Apr-2017 20:37:32 UTC] PHP   1. {main}() /home/ubuntu/workspace/admin/parsers/child_category.php:0
[22-Apr-2017 20:37:34 UTC] PHP Warning:  require_once(../connection/connection.php): failed to open stream: No such file or directory in /home/ubuntu/workspace/admin/parsers/child_category.php on line 2
[22-Apr-2017 20:37:34 UTC] PHP Stack trace:
[22-Apr-2017 20:37:34 UTC] PHP   1. {main}() /home/ubuntu/workspace/admin/parsers/child_category.php:0
[22-Apr-2017 20:37:34 UTC] PHP Fatal error:  require_once(): Failed opening required '../connection/connection.php' (include_path='.:/usr/share/php:/usr/share/pear') in /home/ubuntu/workspace/admin/parsers/child_category.php on line 2
[22-Apr-2017 20:37:34 UTC] PHP Stack trace:
[22-Apr-2017 20:37:34 UTC] PHP   1. {main}() /home/ubuntu/workspace/admin/parsers/child_category.php:0
[22-Apr-2017 20:37:39 UTC] PHP Warning:  require_once(../connection/connection.php): failed to open stream: No such file or directory in /home/ubuntu/workspace/admin/parsers/child_category.php on line 2
[22-Apr-2017 20:37:39 UTC] PHP Stack trace:
[22-Apr-2017 20:37:39 UTC] PHP   1. {main}() /home/ubuntu/workspace/admin/parsers/child_category.php:0
[22-Apr-2017 20:37:39 UTC] PHP Fatal error:  require_once(): Failed opening required '../connection/connection.php' (include_path='.:/usr/share/php:/usr/share/pear') in /home/ubuntu/workspace/admin/parsers/child_category.php on line 2
[22-Apr-2017 20:37:39 UTC] PHP Stack trace:
[22-Apr-2017 20:37:39 UTC] PHP   1. {main}() /home/ubuntu/workspace/admin/parsers/child_category.php:0
[22-Apr-2017 20:39:37 UTC] PHP Warning:  require_once(../connection/connection.php): failed to open stream: No such file or directory in /home/ubuntu/workspace/admin/parsers/child_category.php on line 2
[22-Apr-2017 20:39:37 UTC] PHP Stack trace:
[22-Apr-2017 20:39:37 UTC] PHP   1. {main}() /home/ubuntu/workspace/admin/parsers/child_category.php:0
[22-Apr-2017 20:39:37 UTC] PHP Fatal error:  require_once(): Failed opening required '../connection/connection.php' (include_path='.:/usr/share/php:/usr/share/pear') in /home/ubuntu/workspace/admin/parsers/child_category.php on line 2
[22-Apr-2017 20:39:37 UTC] PHP Stack trace:
[22-Apr-2017 20:39:37 UTC] PHP   1. {main}() /home/ubuntu/workspace/admin/parsers/child_category.php:0
[22-Apr-2017 20:43:47 UTC] PHP Warning:  require_once(/connection/connection.php): failed to open stream: No such file or directory in /home/ubuntu/workspace/admin/parsers/child_category.php on line 2
[22-Apr-2017 20:43:47 UTC] PHP Stack trace:
[22-Apr-2017 20:43:47 UTC] PHP   1. {main}() /home/ubuntu/workspace/admin/parsers/child_category.php:0
[22-Apr-2017 20:43:47 UTC] PHP Fatal error:  require_once(): Failed opening required '/connection/connection.php' (include_path='.:/usr/share/php:/usr/share/pear') in /home/ubuntu/workspace/admin/parsers/child_category.php on line 2
[22-Apr-2017 20:43:47 UTC] PHP Stack trace:
[22-Apr-2017 20:43:47 UTC] PHP   1. {main}() /home/ubuntu/workspace/admin/parsers/child_category.php:0
[22-Apr-2017 20:45:46 UTC] PHP Warning:  require_once(../connection/connection.php): failed to open stream: No such file or directory in /home/ubuntu/workspace/admin/parsers/child_category.php on line 2
[22-Apr-2017 20:45:46 UTC] PHP Stack trace:
[22-Apr-2017 20:45:46 UTC] PHP   1. {main}() /home/ubuntu/workspace/admin/parsers/child_category.php:0
[22-Apr-2017 20:45:46 UTC] PHP Fatal error:  require_once(): Failed opening required '../connection/connection.php' (include_path='.:/usr/share/php:/usr/share/pear') in /home/ubuntu/workspace/admin/parsers/child_category.php on line 2
[22-Apr-2017 20:45:46 UTC] PHP Stack trace:
[22-Apr-2017 20:45:46 UTC] PHP   1. {main}() /home/ubuntu/workspace/admin/parsers/child_category.php:0
[22-Apr-2017 20:47:34 UTC] PHP Warning:  require_once(../teamproject3/php/connection/connection.php): failed to open stream: No such file or directory in /home/ubuntu/workspace/admin/parsers/child_category.php on line 2
[22-Apr-2017 20:47:34 UTC] PHP Stack trace:
[22-Apr-2017 20:47:34 UTC] PHP   1. {main}() /home/ubuntu/workspace/admin/parsers/child_category.php:0
[22-Apr-2017 20:47:34 UTC] PHP Fatal error:  require_once(): Failed opening required '../teamproject3/php/connection/connection.php' (include_path='.:/usr/share/php:/usr/share/pear') in /home/ubuntu/workspace/admin/parsers/child_category.php on line 2
[22-Apr-2017 20:47:34 UTC] PHP Stack trace:
[22-Apr-2017 20:47:34 UTC] PHP   1. {main}() /home/ubuntu/workspace/admin/parsers/child_category.php:0
[22-Apr-2017 20:48:22 UTC] PHP Warning:  require_once(/connection/connection.php): failed to open stream: No such file or directory in /home/ubuntu/workspace/admin/parsers/child_category.php on line 2
[22-Apr-2017 20:48:22 UTC] PHP Stack trace:
[22-Apr-2017 20:48:22 UTC] PHP   1. {main}() /home/ubuntu/workspace/admin/parsers/child_category.php:0
[22-Apr-2017 20:48:22 UTC] PHP Fatal error:  require_once(): Failed opening required '/connection/connection.php' (include_path='.:/usr/share/php:/usr/share/pear') in /home/ubuntu/workspace/admin/parsers/child_category.php on line 2
[22-Apr-2017 20:48:22 UTC] PHP Stack trace:
[22-Apr-2017 20:48:22 UTC] PHP   1. {main}() /home/ubuntu/workspace/admin/parsers/child_category.php:0
[22-Apr-2017 20:48:39 UTC] PHP Warning:  require_once(../connection/connection.php): failed to open stream: No such file or directory in /home/ubuntu/workspace/admin/parsers/child_category.php on line 2
[22-Apr-2017 20:48:39 UTC] PHP Stack trace:
[22-Apr-2017 20:48:39 UTC] PHP   1. {main}() /home/ubuntu/workspace/admin/parsers/child_category.php:0
[22-Apr-2017 20:48:39 UTC] PHP Fatal error:  require_once(): Failed opening required '../connection/connection.php' (include_path='.:/usr/share/php:/usr/share/pear') in /home/ubuntu/workspace/admin/parsers/child_category.php on line 2
[22-Apr-2017 20:48:39 UTC] PHP Stack trace:
[22-Apr-2017 20:48:39 UTC] PHP   1. {main}() /home/ubuntu/workspace/admin/parsers/child_category.php:0
[22-Apr-2017 20:53:56 UTC] PHP Warning:  require_once(../connection/connection.php): failed to open stream: No such file or directory in /home/ubuntu/workspace/admin/parsers/child_category.php on line 2
[22-Apr-2017 20:53:56 UTC] PHP Stack trace:
[22-Apr-2017 20:53:56 UTC] PHP   1. {main}() /home/ubuntu/workspace/admin/parsers/child_category.php:0
[22-Apr-2017 20:53:56 UTC] PHP Fatal error:  require_once(): Failed opening required '../connection/connection.php' (include_path='.:/usr/share/php:/usr/share/pear') in /home/ubuntu/workspace/admin/parsers/child_category.php on line 2
[22-Apr-2017 20:53:56 UTC] PHP Stack trace:
[22-Apr-2017 20:53:56 UTC] PHP   1. {main}() /home/ubuntu/workspace/admin/parsers/child_category.php:0
[22-Apr-2017 20:54:14 UTC] PHP Warning:  require_once(../connection/connection.php): failed to open stream: No such file or directory in /home/ubuntu/workspace/admin/parsers/child_category.php on line 2
[22-Apr-2017 20:54:14 UTC] PHP Stack trace:
[22-Apr-2017 20:54:14 UTC] PHP   1. {main}() /home/ubuntu/workspace/admin/parsers/child_category.php:0
[22-Apr-2017 20:54:14 UTC] PHP Fatal error:  require_once(): Failed opening required '../connection/connection.php' (include_path='.:/usr/share/php:/usr/share/pear') in /home/ubuntu/workspace/admin/parsers/child_category.php on line 2
[22-Apr-2017 20:54:14 UTC] PHP Stack trace:
[22-Apr-2017 20:54:14 UTC] PHP   1. {main}() /home/ubuntu/workspace/admin/parsers/child_category.php:0
[22-Apr-2017 20:58:02 UTC] PHP Warning:  require_once(/home/ubuntu/workspace../connection/connection.php): failed to open stream: No such file or directory in /home/ubuntu/workspace/admin/parsers/child_category.php on line 2
[22-Apr-2017 20:58:02 UTC] PHP Stack trace:
[22-Apr-2017 20:58:02 UTC] PHP   1. {main}() /home/ubuntu/workspace/admin/parsers/child_category.php:0
[22-Apr-2017 20:58:02 UTC] PHP Fatal error:  require_once(): Failed opening required '/home/ubuntu/workspace../connection/connection.php' (include_path='.:/usr/share/php:/usr/share/pear') in /home/ubuntu/workspace/admin/parsers/child_category.php on line 2
[22-Apr-2017 20:58:02 UTC] PHP Stack trace:
[22-Apr-2017 20:58:02 UTC] PHP   1. {main}() /home/ubuntu/workspace/admin/parsers/child_category.php:0
[22-Apr-2017 20:59:33 UTC] PHP Warning:  require_once(../connection/init.php): failed to open stream: No such file or directory in /home/ubuntu/workspace/admin/parsers/child_category.php on line 2
[22-Apr-2017 20:59:33 UTC] PHP Stack trace:
[22-Apr-2017 20:59:33 UTC] PHP   1. {main}() /home/ubuntu/workspace/admin/parsers/child_category.php:0
[22-Apr-2017 20:59:33 UTC] PHP Fatal error:  require_once(): Failed opening required '../connection/init.php' (include_path='.:/usr/share/php:/usr/share/pear') in /home/ubuntu/workspace/admin/parsers/child_category.php on line 2
[22-Apr-2017 20:59:33 UTC] PHP Stack trace:
[22-Apr-2017 20:59:33 UTC] PHP   1. {main}() /home/ubuntu/workspace/admin/parsers/child_category.php:0
[22-Apr-2017 21:00:33 UTC] PHP Warning:  require_once(../connection/init.php): failed to open stream: No such file or directory in /home/ubuntu/workspace/admin/parsers/child_category.php on line 2
[22-Apr-2017 21:00:33 UTC] PHP Stack trace:
[22-Apr-2017 21:00:33 UTC] PHP   1. {main}() /home/ubuntu/workspace/admin/parsers/child_category.php:0
[22-Apr-2017 21:00:33 UTC] PHP Fatal error:  require_once(): Failed opening required '../connection/init.php' (include_path='.:/usr/share/php:/usr/share/pear') in /home/ubuntu/workspace/admin/parsers/child_category.php on line 2
[22-Apr-2017 21:00:33 UTC] PHP Stack trace:
[22-Apr-2017 21:00:33 UTC] PHP   1. {main}() /home/ubuntu/workspace/admin/parsers/child_category.php:0
[22-Apr-2017 21:01:31 UTC] PHP Warning:  require_once(../connection/init.php): failed to open stream: No such file or directory in /home/ubuntu/workspace/admin/parsers/child_category.php on line 2
[22-Apr-2017 21:01:31 UTC] PHP Stack trace:
[22-Apr-2017 21:01:31 UTC] PHP   1. {main}() /home/ubuntu/workspace/admin/parsers/child_category.php:0
[22-Apr-2017 21:01:31 UTC] PHP Fatal error:  require_once(): Failed opening required '../connection/init.php' (include_path='.:/usr/share/php:/usr/share/pear') in /home/ubuntu/workspace/admin/parsers/child_category.php on line 2
[22-Apr-2017 21:01:31 UTC] PHP Stack trace:
[22-Apr-2017 21:01:31 UTC] PHP   1. {main}() /home/ubuntu/workspace/admin/parsers/child_category.php:0
[22-Apr-2017 21:09:04 UTC] PHP Warning:  require_once(/home/ubuntu/workspace/admin/parsers../connection/init.php): failed to open stream: No such file or directory in /home/ubuntu/workspace/admin/parsers/child_category.php on line 2
[22-Apr-2017 21:09:04 UTC] PHP Stack trace:
[22-Apr-2017 21:09:04 UTC] PHP   1. {main}() /home/ubuntu/workspace/admin/parsers/child_category.php:0
[22-Apr-2017 21:09:04 UTC] PHP Fatal error:  require_once(): Failed opening required '/home/ubuntu/workspace/admin/parsers../connection/init.php' (include_path='.:/usr/share/php:/usr/share/pear') in /home/ubuntu/workspace/admin/parsers/child_category.php on line 2
[22-Apr-2017 21:09:04 UTC] PHP Stack trace:
[22-Apr-2017 21:09:04 UTC] PHP   1. {main}() /home/ubuntu/workspace/admin/parsers/child_category.php:0
[22-Apr-2017 21:09:57 UTC] PHP Warning:  require_once(../connection/connection.php): failed to open stream: No such file or directory in /home/ubuntu/workspace/admin/parsers/child_category.php on line 2
[22-Apr-2017 21:09:57 UTC] PHP Stack trace:
[22-Apr-2017 21:09:57 UTC] PHP   1. {main}() /home/ubuntu/workspace/admin/parsers/child_category.php:0
[22-Apr-2017 21:09:57 UTC] PHP Fatal error:  require_once(): Failed opening required '../connection/connection.php' (include_path='.:/usr/share/php:/usr/share/pear') in /home/ubuntu/workspace/admin/parsers/child_category.php on line 2
[22-Apr-2017 21:09:57 UTC] PHP Stack trace:
[22-Apr-2017 21:09:57 UTC] PHP   1. {main}() /home/ubuntu/workspace/admin/parsers/child_category.php:0
[22-Apr-2017 21:32:32 UTC] PHP Warning:  require_once(connection/connection.php): failed to open stream: No such file or directory in /home/ubuntu/workspace/admin/parsers/child_category.php on line 2
[22-Apr-2017 21:32:32 UTC] PHP Stack trace:
[22-Apr-2017 21:32:32 UTC] PHP   1. {main}() /home/ubuntu/workspace/admin/parsers/child_category.php:0
[22-Apr-2017 21:32:32 UTC] PHP Fatal error:  require_once(): Failed opening required 'connection/connection.php' (include_path='.:/usr/share/php:/usr/share/pear') in /home/ubuntu/workspace/admin/parsers/child_category.php on line 2
[22-Apr-2017 21:32:32 UTC] PHP Stack trace:
[22-Apr-2017 21:32:32 UTC] PHP   1. {main}() /home/ubuntu/workspace/admin/parsers/child_category.php:0
[22-Apr-2017 21:32:55 UTC] PHP Warning:  require_once(connection/connection.php): failed to open stream: No such file or directory in /home/ubuntu/workspace/admin/parsers/child_category.php on line 2
[22-Apr-2017 21:32:55 UTC] PHP Stack trace:
[22-Apr-2017 21:32:55 UTC] PHP   1. {main}() /home/ubuntu/workspace/admin/parsers/child_category.php:0
[22-Apr-2017 21:32:55 UTC] PHP Fatal error:  require_once(): Failed opening required 'connection/connection.php' (include_path='.:/usr/share/php:/usr/share/pear') in /home/ubuntu/workspace/admin/parsers/child_category.php on line 2
[22-Apr-2017 21:32:55 UTC] PHP Stack trace:
[22-Apr-2017 21:32:55 UTC] PHP   1. {main}() /home/ubuntu/workspace/admin/parsers/child_category.php:0
[22-Apr-2017 21:33:26 UTC] PHP Warning:  require_once(connection/connection.php): failed to open stream: No such file or directory in /home/ubuntu/workspace/admin/parsers/child_category.php on line 2
[22-Apr-2017 21:33:26 UTC] PHP Stack trace:
[22-Apr-2017 21:33:26 UTC] PHP   1. {main}() /home/ubuntu/workspace/admin/parsers/child_category.php:0
[22-Apr-2017 21:33:26 UTC] PHP Fatal error:  require_once(): Failed opening required 'connection/connection.php' (include_path='.:/usr/share/php:/usr/share/pear') in /home/ubuntu/workspace/admin/parsers/child_category.php on line 2
[22-Apr-2017 21:33:26 UTC] PHP Stack trace:
[22-Apr-2017 21:33:26 UTC] PHP   1. {main}() /home/ubuntu/workspace/admin/parsers/child_category.php:0
[22-Apr-2017 21:33:54 UTC] PHP Warning:  require_once(../connection/connection.php): failed to open stream: No such file or directory in /home/ubuntu/workspace/admin/parsers/child_category.php on line 2
[22-Apr-2017 21:33:54 UTC] PHP Stack trace:
[22-Apr-2017 21:33:54 UTC] PHP   1. {main}() /home/ubuntu/workspace/admin/parsers/child_category.php:0
[22-Apr-2017 21:33:54 UTC] PHP Fatal error:  require_once(): Failed opening required '../connection/connection.php' (include_path='.:/usr/share/php:/usr/share/pear') in /home/ubuntu/workspace/admin/parsers/child_category.php on line 2
[22-Apr-2017 21:33:54 UTC] PHP Stack trace:
[22-Apr-2017 21:33:54 UTC] PHP   1. {main}() /home/ubuntu/workspace/admin/parsers/child_category.php:0
[22-Apr-2017 21:36:38 UTC] PHP Warning:  require_once(../connection/connection.php): failed to open stream: No such file or directory in /home/ubuntu/workspace/admin/parsers/child_category.php on line 2
[22-Apr-2017 21:36:38 UTC] PHP Stack trace:
[22-Apr-2017 21:36:38 UTC] PHP   1. {main}() /home/ubuntu/workspace/admin/parsers/child_category.php:0
[22-Apr-2017 21:36:38 UTC] PHP Fatal error:  require_once(): Failed opening required '../connection/connection.php' (include_path='.:/usr/share/php:/usr/share/pear') in /home/ubuntu/workspace/admin/parsers/child_category.php on line 2
[22-Apr-2017 21:36:38 UTC] PHP Stack trace:
[22-Apr-2017 21:36:38 UTC] PHP   1. {main}() /home/ubuntu/workspace/admin/parsers/child_category.php:0
[22-Apr-2017 21:38:18 UTC] PHP Warning:  require_once(../connection/connection.php): failed to open stream: No such file or directory in /home/ubuntu/workspace/admin/parsers/child_category.php on line 2
[22-Apr-2017 21:38:18 UTC] PHP Stack trace:
[22-Apr-2017 21:38:18 UTC] PHP   1. {main}() /home/ubuntu/workspace/admin/parsers/child_category.php:0
[22-Apr-2017 21:38:18 UTC] PHP Fatal error:  require_once(): Failed opening required '../connection/connection.php' (include_path='.:/usr/share/php:/usr/share/pear') in /home/ubuntu/workspace/admin/parsers/child_category.php on line 2
[22-Apr-2017 21:38:18 UTC] PHP Stack trace:
[22-Apr-2017 21:38:18 UTC] PHP   1. {main}() /home/ubuntu/workspace/admin/parsers/child_category.php:0
[22-Apr-2017 21:38:35 UTC] PHP Fatal error:  Call to a member function query() on a non-object in /home/ubuntu/workspace/admin/parsers/child_category.php on line 4
[22-Apr-2017 21:38:35 UTC] PHP Stack trace:
[22-Apr-2017 21:38:35 UTC] PHP   1. {main}() /home/ubuntu/workspace/admin/parsers/child_category.php:0
[22-Apr-2017 21:40:32 UTC] PHP Warning:  require_once(../connection/connection.php): failed to open stream: No such file or directory in /home/ubuntu/workspace/admin/parsers/child_category.php on line 2
[22-Apr-2017 21:40:32 UTC] PHP Stack trace:
[22-Apr-2017 21:40:32 UTC] PHP   1. {main}() /home/ubuntu/workspace/admin/parsers/child_category.php:0
[22-Apr-2017 21:40:32 UTC] PHP Fatal error:  require_once(): Failed opening required '../connection/connection.php' (include_path='.:/usr/share/php:/usr/share/pear') in /home/ubuntu/workspace/admin/parsers/child_category.php on line 2
[22-Apr-2017 21:40:32 UTC] PHP Stack trace:
[22-Apr-2017 21:40:32 UTC] PHP   1. {main}() /home/ubuntu/workspace/admin/parsers/child_category.php:0
[24-Apr-2017 03:02:22 UTC] PHP Fatal error:  Call to undefined function sanitize() in /home/ubuntu/workspace/admin/parsers/child_category.php on line 10
[24-Apr-2017 03:02:22 UTC] PHP Stack trace:
[24-Apr-2017 03:02:22 UTC] PHP   1. {main}() /home/ubuntu/workspace/admin/parsers/child_category.php:0
[24-Apr-2017 03:02:26 UTC] PHP Fatal error:  Call to undefined function sanitize() in /home/ubuntu/workspace/admin/parsers/child_category.php on line 10
[24-Apr-2017 03:02:26 UTC] PHP Stack trace:
[24-Apr-2017 03:02:26 UTC] PHP   1. {main}() /home/ubuntu/workspace/admin/parsers/child_category.php:0
[24-Apr-2017 03:02:29 UTC] PHP Fatal error:  Call to undefined function sanitize() in /home/ubuntu/workspace/admin/parsers/child_category.php on line 10
[24-Apr-2017 03:02:29 UTC] PHP Stack trace:
[24-Apr-2017 03:02:29 UTC] PHP   1. {main}() /home/ubuntu/workspace/admin/parsers/child_category.php:0
[24-Apr-2017 03:02:41 UTC] PHP Fatal error:  Call to undefined function sanitize() in /home/ubuntu/workspace/admin/parsers/child_category.php on line 10
[24-Apr-2017 03:02:41 UTC] PHP Stack trace:
[24-Apr-2017 03:02:41 UTC] PHP   1. {main}() /home/ubuntu/workspace/admin/parsers/child_category.php:0
[24-Apr-2017 03:02:43 UTC] PHP Fatal error:  Call to undefined function sanitize() in /home/ubuntu/workspace/admin/parsers/child_category.php on line 10
[24-Apr-2017 03:02:43 UTC] PHP Stack trace:
[24-Apr-2017 03:02:43 UTC] PHP   1. {main}() /home/ubuntu/workspace/admin/parsers/child_category.php:0
[24-Apr-2017 03:03:32 UTC] PHP Fatal error:  Call to undefined function sanitize() in /home/ubuntu/workspace/admin/parsers/child_category.php on line 10
[24-Apr-2017 03:03:32 UTC] PHP Stack trace:
[24-Apr-2017 03:03:32 UTC] PHP   1. {main}() /home/ubuntu/workspace/admin/parsers/child_category.php:0
[24-Apr-2017 03:03:35 UTC] PHP Fatal error:  Call to undefined function sanitize() in /home/ubuntu/workspace/admin/parsers/child_category.php on line 10
[24-Apr-2017 03:03:35 UTC] PHP Stack trace:
[24-Apr-2017 03:03:35 UTC] PHP   1. {main}() /home/ubuntu/workspace/admin/parsers/child_category.php:0
[24-Apr-2017 03:03:39 UTC] PHP Fatal error:  Call to undefined function sanitize() in /home/ubuntu/workspace/admin/parsers/child_category.php on line 10
[24-Apr-2017 03:03:39 UTC] PHP Stack trace:
[24-Apr-2017 03:03:39 UTC] PHP   1. {main}() /home/ubuntu/workspace/admin/parsers/child_category.php:0
[24-Apr-2017 03:03:52 UTC] PHP Fatal error:  Call to undefined function sanitize() in /home/ubuntu/workspace/admin/parsers/child_category.php on line 10
[24-Apr-2017 03:03:52 UTC] PHP Stack trace:
[24-Apr-2017 03:03:52 UTC] PHP   1. {main}() /home/ubuntu/workspace/admin/parsers/child_category.php:0
[24-Apr-2017 03:03:55 UTC] PHP Fatal error:  Call to undefined function sanitize() in /home/ubuntu/workspace/admin/parsers/child_category.php on line 10
[24-Apr-2017 03:03:55 UTC] PHP Stack trace:
[24-Apr-2017 03:03:55 UTC] PHP   1. {main}() /home/ubuntu/workspace/admin/parsers/child_category.php:0
[24-Apr-2017 03:04:35 UTC] PHP Fatal error:  Call to undefined function sanitize() in /home/ubuntu/workspace/admin/parsers/child_category.php on line 10
[24-Apr-2017 03:04:35 UTC] PHP Stack trace:
[24-Apr-2017 03:04:35 UTC] PHP   1. {main}() /home/ubuntu/workspace/admin/parsers/child_category.php:0
[24-Apr-2017 03:07:23 UTC] PHP Fatal error:  Call to undefined function sanitize() in /home/ubuntu/workspace/admin/parsers/child_category.php on line 10
[24-Apr-2017 03:07:23 UTC] PHP Stack trace:
[24-Apr-2017 03:07:23 UTC] PHP   1. {main}() /home/ubuntu/workspace/admin/parsers/child_category.php:0
[24-Apr-2017 03:09:48 UTC] PHP Fatal error:  Call to undefined function sanitize() in /home/ubuntu/workspace/admin/parsers/child_category.php on line 10
[24-Apr-2017 03:09:48 UTC] PHP Stack trace:
[24-Apr-2017 03:09:48 UTC] PHP   1. {main}() /home/ubuntu/workspace/admin/parsers/child_category.php:0
[24-Apr-2017 03:10:03 UTC] PHP Fatal error:  Call to undefined function sanitize() in /home/ubuntu/workspace/admin/parsers/child_category.php on line 10
[24-Apr-2017 03:10:03 UTC] PHP Stack trace:
[24-Apr-2017 03:10:03 UTC] PHP   1. {main}() /home/ubuntu/workspace/admin/parsers/child_category.php:0
[24-Apr-2017 03:10:06 UTC] PHP Fatal error:  Call to undefined function sanitize() in /home/ubuntu/workspace/admin/parsers/child_category.php on line 10
[24-Apr-2017 03:10:06 UTC] PHP Stack trace:
[24-Apr-2017 03:10:06 UTC] PHP   1. {main}() /home/ubuntu/workspace/admin/parsers/child_category.php:0
[24-Apr-2017 03:10:08 UTC] PHP Fatal error:  Call to undefined function sanitize() in /home/ubuntu/workspace/admin/parsers/child_category.php on line 10
[24-Apr-2017 03:10:08 UTC] PHP Stack trace:
[24-Apr-2017 03:10:08 UTC] PHP   1. {main}() /home/ubuntu/workspace/admin/parsers/child_category.php:0
[24-Apr-2017 03:10:14 UTC] PHP Fatal error:  Call to undefined function sanitize() in /home/ubuntu/workspace/admin/parsers/child_category.php on line 10
[24-Apr-2017 03:10:14 UTC] PHP Stack trace:
[24-Apr-2017 03:10:14 UTC] PHP   1. {main}() /home/ubuntu/workspace/admin/parsers/child_category.php:0
[24-Apr-2017 03:10:17 UTC] PHP Fatal error:  Call to undefined function sanitize() in /home/ubuntu/workspace/admin/parsers/child_category.php on line 10
[24-Apr-2017 03:10:17 UTC] PHP Stack trace:
[24-Apr-2017 03:10:17 UTC] PHP   1. {main}() /home/ubuntu/workspace/admin/parsers/child_category.php:0
[24-Apr-2017 03:10:22 UTC] PHP Fatal error:  Call to undefined function sanitize() in /home/ubuntu/workspace/admin/parsers/child_category.php on line 10
[24-Apr-2017 03:10:22 UTC] PHP Stack trace:
[24-Apr-2017 03:10:22 UTC] PHP   1. {main}() /home/ubuntu/workspace/admin/parsers/child_category.php:0
[24-Apr-2017 03:10:22 UTC] PHP Fatal error:  Call to undefined function sanitize() in /home/ubuntu/workspace/admin/parsers/child_category.php on line 10
[24-Apr-2017 03:10:22 UTC] PHP Stack trace:
[24-Apr-2017 03:10:22 UTC] PHP   1. {main}() /home/ubuntu/workspace/admin/parsers/child_category.php:0
[24-Apr-2017 03:10:53 UTC] PHP Fatal error:  Call to undefined function sanitize() in /home/ubuntu/workspace/admin/parsers/child_category.php on line 10
[24-Apr-2017 03:10:53 UTC] PHP Stack trace:
[24-Apr-2017 03:10:53 UTC] PHP   1. {main}() /home/ubuntu/workspace/admin/parsers/child_category.php:0
[24-Apr-2017 03:10:56 UTC] PHP Fatal error:  Call to undefined function sanitize() in /home/ubuntu/workspace/admin/parsers/child_category.php on line 10
[24-Apr-2017 03:10:56 UTC] PHP Stack trace:
[24-Apr-2017 03:10:56 UTC] PHP   1. {main}() /home/ubuntu/workspace/admin/parsers/child_category.php:0
[24-Apr-2017 03:14:55 UTC] PHP Fatal error:  Call to undefined function sanitize() in /home/ubuntu/workspace/admin/parsers/child_category.php on line 10
[24-Apr-2017 03:14:55 UTC] PHP Stack trace:
[24-Apr-2017 03:14:55 UTC] PHP   1. {main}() /home/ubuntu/workspace/admin/parsers/child_category.php:0
[24-Apr-2017 03:15:18 UTC] PHP Fatal error:  Call to undefined function sanitize() in /home/ubuntu/workspace/admin/parsers/child_category.php on line 10
[24-Apr-2017 03:15:18 UTC] PHP Stack trace:
[24-Apr-2017 03:15:18 UTC] PHP   1. {main}() /home/ubuntu/workspace/admin/parsers/child_category.php:0
[24-Apr-2017 03:15:21 UTC] PHP Fatal error:  Call to undefined function sanitize() in /home/ubuntu/workspace/admin/parsers/child_category.php on line 10
[24-Apr-2017 03:15:21 UTC] PHP Stack trace:
[24-Apr-2017 03:15:21 UTC] PHP   1. {main}() /home/ubuntu/workspace/admin/parsers/child_category.php:0
